<?xml version="1.0" encoding="UTF-8"?>
<!-- Generated by org.testng.reporters.JUnitXMLReporter -->
<testsuite ignored="4" hostname="Priyanka" failures="0" tests="3" name="Test" time="65.359" errors="0" timestamp="2023-06-02T02:00:25 IST">
  <testcase classname="Vtigrerapplication.Testcriptforcreateorganization" name="createOrganization" time="10.543"/>
  <testcase classname="Vtigrerapplication.CreateContactwithOrganizationTest" name="createcontactwithorganization" time="22.001"/>
  <testcase classname="Vtigrerapplication.CreateOnlyContact" name="createcontactonly" time="10.996"/>
  <testcase classname="Vtigrerapplication.CreateOnlyContact" name="demosuite" time="0.0">
    <ignored/>
  </testcase> <!-- demosuite -->
  <testcase classname="Vtigrerapplication.CreateContactwithOrganizationTest" name="demosuite" time="0.0">
    <ignored/>
  </testcase> <!-- demosuite -->
  <testcase classname="vtigergenericUtility.BaseClass" name="@BeforeSuite bsConfig" time="0.0">
    <ignored/>
  </testcase> <!-- @BeforeSuite bsConfig -->
  <testcase classname="vtigergenericUtility.BaseClass" name="@BeforeSuite bsConfig" time="0.0">
    <ignored/>
  </testcase> <!-- @BeforeSuite bsConfig -->
</testsuite> <!-- Test -->
