<?xml version="1.0" encoding="UTF-8"?>
<testng-results ignored="0" total="1" passed="1" failed="0" skipped="0">
  <reporter-output>
  </reporter-output>
  <suite started-at="2023-06-02T00:17:55 IST" name="Default suite" finished-at="2023-06-02T00:18:06 IST" duration-ms="11142">
    <groups>
    </groups>
    <test started-at="2023-06-02T00:17:55 IST" name="Default test" finished-at="2023-06-02T00:18:06 IST" duration-ms="11142">
      <class name="Vtigrerapplication.Testcriptforcreateorganization">
        <test-method is-config="true" signature="bsConfig()[pri:0, instance:Vtigrerapplication.Testcriptforcreateorganization@6bd61f98]" started-at="2023-06-02T00:17:55 IST" name="bsConfig" finished-at="2023-06-02T00:17:55 IST" duration-ms="6" status="PASS">
          <reporter-output>
          </reporter-output>
        </test-method> <!-- bsConfig -->
        <test-method is-config="true" signature="bcConfig()[pri:0, instance:Vtigrerapplication.Testcriptforcreateorganization@6bd61f98]" started-at="2023-06-02T00:17:55 IST" name="bcConfig" finished-at="2023-06-02T00:17:57 IST" duration-ms="2442" status="PASS">
          <reporter-output>
          </reporter-output>
        </test-method> <!-- bcConfig -->
        <test-method is-config="true" signature="bmConfig()[pri:0, instance:Vtigrerapplication.Testcriptforcreateorganization@6bd61f98]" started-at="2023-06-02T00:17:57 IST" name="bmConfig" finished-at="2023-06-02T00:17:59 IST" duration-ms="1669" status="PASS">
          <reporter-output>
          </reporter-output>
        </test-method> <!-- bmConfig -->
        <test-method signature="createOrganization()[pri:0, instance:Vtigrerapplication.Testcriptforcreateorganization@6bd61f98]" started-at="2023-06-02T00:17:59 IST" name="createOrganization" finished-at="2023-06-02T00:18:05 IST" duration-ms="6119" status="PASS">
          <reporter-output>
          </reporter-output>
        </test-method> <!-- createOrganization -->
        <test-method is-config="true" signature="amConfig()[pri:0, instance:Vtigrerapplication.Testcriptforcreateorganization@6bd61f98]" started-at="2023-06-02T00:18:05 IST" name="amConfig" finished-at="2023-06-02T00:18:06 IST" duration-ms="791" status="PASS">
          <reporter-output>
          </reporter-output>
        </test-method> <!-- amConfig -->
        <test-method is-config="true" signature="acConfig()[pri:0, instance:Vtigrerapplication.Testcriptforcreateorganization@6bd61f98]" started-at="2023-06-02T00:18:06 IST" name="acConfig" finished-at="2023-06-02T00:18:06 IST" duration-ms="95" status="PASS">
          <reporter-output>
          </reporter-output>
        </test-method> <!-- acConfig -->
        <test-method is-config="true" signature="asConfig()[pri:0, instance:Vtigrerapplication.Testcriptforcreateorganization@6bd61f98]" started-at="2023-06-02T00:18:06 IST" name="asConfig" finished-at="2023-06-02T00:18:06 IST" duration-ms="1" status="PASS">
          <reporter-output>
          </reporter-output>
        </test-method> <!-- asConfig -->
      </class> <!-- Vtigrerapplication.Testcriptforcreateorganization -->
    </test> <!-- Default test -->
  </suite> <!-- Default suite -->
</testng-results>
